{"contracts/AddressArray.sol":{"l":{"6":0,"8":0,"9":0,"11":0,"12":0,"17":3,"18":3,"19":1,"22":1},"path":"/Users/dougmolina/Apps/projects/solidity/bitbrackets_smart_contracts/contracts/AddressArray.sol","s":{"1":0,"2":0,"3":0,"4":0,"5":0,"6":3,"7":3,"8":1,"9":1},"b":{"1":[0,0],"2":[1,1]},"f":{"1":0,"2":3},"fnMap":{"1":{"name":"remove","line":5,"loc":{"start":{"line":5,"column":4},"end":{"line":5,"column":80}}},"2":{"name":"contains","line":15,"loc":{"start":{"line":15,"column":4},"end":{"line":15,"column":76}}}},"statementMap":{"1":{"start":{"line":6,"column":8},"end":{"line":6,"column":41}},"2":{"start":{"line":6,"column":35},"end":{"line":6,"column":41}},"3":{"start":{"line":8,"column":8},"end":{"line":8,"column":196}},"4":{"start":{"line":9,"column":12},"end":{"line":9,"column":32}},"5":{"start":{"line":12,"column":8},"end":{"line":12,"column":20}},"6":{"start":{"line":17,"column":8},"end":{"line":17,"column":435}},"7":{"start":{"line":18,"column":12},"end":{"line":18,"column":494}},"8":{"start":{"line":19,"column":16},"end":{"line":19,"column":27}},"9":{"start":{"line":22,"column":8},"end":{"line":22,"column":20}}},"branchMap":{"1":{"line":6,"type":"if","locations":[{"start":{"line":6,"column":8},"end":{"line":6,"column":8}},{"start":{"line":6,"column":8},"end":{"line":6,"column":8}}]},"2":{"line":18,"type":"if","locations":[{"start":{"line":18,"column":12},"end":{"line":18,"column":12}},{"start":{"line":18,"column":12},"end":{"line":18,"column":12}}]}}},"contracts/BbBase.sol":{"l":{"29":16,"30":14,"37":0,"38":0,"45":4,"46":3,"53":0,"54":0,"63":23,"74":29,"81":16},"path":"/Users/dougmolina/Apps/projects/solidity/bitbrackets_smart_contracts/contracts/BbBase.sol","s":{"1":16,"2":0,"3":4,"4":0,"5":23,"6":29,"7":16},"b":{"1":[3,1],"2":[14,2]},"f":{"1":16,"2":0,"3":4,"4":0,"5":23,"6":29,"7":16},"fnMap":{"1":{"name":"onlyOwner","line":28,"loc":{"start":{"line":28,"column":4},"end":{"line":28,"column":22}}},"2":{"name":"onlyAdmin","line":36,"loc":{"start":{"line":36,"column":4},"end":{"line":36,"column":22}}},"3":{"name":"onlySuperUser","line":44,"loc":{"start":{"line":44,"column":4},"end":{"line":44,"column":26}}},"4":{"name":"onlyRole","line":52,"loc":{"start":{"line":52,"column":4},"end":{"line":52,"column":33}}},"5":{"name":"BbBase","line":61,"loc":{"start":{"line":61,"column":4},"end":{"line":61,"column":49}}},"6":{"name":"roleHas","line":73,"loc":{"start":{"line":73,"column":4},"end":{"line":73,"column":79}}},"7":{"name":"roleCheck","line":80,"loc":{"start":{"line":80,"column":4},"end":{"line":80,"column":66}}}},"statementMap":{"1":{"start":{"line":29,"column":8},"end":{"line":29,"column":37}},"2":{"start":{"line":37,"column":8},"end":{"line":37,"column":37}},"3":{"start":{"line":45,"column":8},"end":{"line":45,"column":76}},"4":{"start":{"line":53,"column":8},"end":{"line":53,"column":35}},"5":{"start":{"line":63,"column":8},"end":{"line":63,"column":54}},"6":{"start":{"line":74,"column":8},"end":{"line":74,"column":75}},"7":{"start":{"line":81,"column":8},"end":{"line":81,"column":48}}},"branchMap":{"1":{"line":45,"type":"if","locations":[{"start":{"line":45,"column":8},"end":{"line":45,"column":8}},{"start":{"line":45,"column":8},"end":{"line":45,"column":8}}]},"2":{"line":81,"type":"if","locations":[{"start":{"line":81,"column":8},"end":{"line":81,"column":8}},{"start":{"line":81,"column":8},"end":{"line":81,"column":8}}]}}},"contracts/BbRole.sol":{"l":{"32":0,"33":0,"41":0,"50":0,"52":0,"54":0,"56":0,"67":0,"74":0,"85":0,"87":0,"89":0,"91":0,"99":0,"101":0,"103":0},"path":"/Users/dougmolina/Apps/projects/solidity/bitbrackets_smart_contracts/contracts/BbRole.sol","s":{"1":0,"2":0,"3":0,"4":0,"5":0,"6":0,"7":0,"8":0,"9":0,"10":0,"11":0},"b":{"1":[0,0],"2":[0,0],"3":[0,0],"4":[0,0],"5":[0,0]},"f":{"1":0,"2":0,"3":0,"4":0,"5":0,"6":0,"7":0},"fnMap":{"1":{"name":"onlyLatestBbRole","line":31,"loc":{"start":{"line":31,"column":4},"end":{"line":31,"column":29}}},"2":{"name":"BbRole","line":39,"loc":{"start":{"line":39,"column":4},"end":{"line":39,"column":78}}},"3":{"name":"transferOwnership","line":48,"loc":{"start":{"line":48,"column":4},"end":{"line":48,"column":81}}},"4":{"name":"adminRoleAdd","line":66,"loc":{"start":{"line":66,"column":4},"end":{"line":66,"column":93}}},"5":{"name":"adminRoleRemove","line":73,"loc":{"start":{"line":73,"column":4},"end":{"line":73,"column":96}}},"6":{"name":"roleAdd","line":83,"loc":{"start":{"line":83,"column":4},"end":{"line":83,"column":59}}},"7":{"name":"roleRemove","line":97,"loc":{"start":{"line":97,"column":4},"end":{"line":97,"column":62}}}},"statementMap":{"1":{"start":{"line":32,"column":8},"end":{"line":32,"column":91}},"2":{"start":{"line":41,"column":8},"end":{"line":41,"column":18}},"3":{"start":{"line":50,"column":8},"end":{"line":50,"column":32}},"4":{"start":{"line":52,"column":8},"end":{"line":52,"column":37}},"5":{"start":{"line":67,"column":8},"end":{"line":67,"column":31}},"6":{"start":{"line":74,"column":8},"end":{"line":74,"column":34}},"7":{"start":{"line":85,"column":8},"end":{"line":85,"column":31}},"8":{"start":{"line":87,"column":8},"end":{"line":87,"column":54}},"9":{"start":{"line":91,"column":8},"end":{"line":91,"column":36}},"10":{"start":{"line":99,"column":8},"end":{"line":99,"column":43}},"11":{"start":{"line":103,"column":8},"end":{"line":103,"column":38}}},"branchMap":{"1":{"line":32,"type":"if","locations":[{"start":{"line":32,"column":8},"end":{"line":32,"column":8}},{"start":{"line":32,"column":8},"end":{"line":32,"column":8}}]},"2":{"line":50,"type":"if","locations":[{"start":{"line":50,"column":8},"end":{"line":50,"column":8}},{"start":{"line":50,"column":8},"end":{"line":50,"column":8}}]},"3":{"line":85,"type":"if","locations":[{"start":{"line":85,"column":8},"end":{"line":85,"column":8}},{"start":{"line":85,"column":8},"end":{"line":85,"column":8}}]},"4":{"line":87,"type":"if","locations":[{"start":{"line":87,"column":8},"end":{"line":87,"column":8}},{"start":{"line":87,"column":8},"end":{"line":87,"column":8}}]},"5":{"line":99,"type":"if","locations":[{"start":{"line":99,"column":8},"end":{"line":99,"column":8}},{"start":{"line":99,"column":8},"end":{"line":99,"column":8}}]}}},"contracts/BbStorage.sol":{"l":{"25":6,"27":0,"29":6,"37":1,"45":5,"50":2,"55":0,"60":0,"65":29,"70":0,"75":2,"82":0,"87":3,"92":0,"97":0,"102":0,"107":0,"112":3,"119":0,"124":0,"129":0,"134":0,"139":0,"144":0,"149":0},"path":"/Users/dougmolina/Apps/projects/solidity/bitbrackets_smart_contracts/contracts/BbStorage.sol","s":{"1":6,"2":0,"3":1,"4":5,"5":2,"6":0,"7":0,"8":29,"9":0,"10":2,"11":0,"12":3,"13":0,"14":0,"15":0,"16":0,"17":3},"b":{"1":[0,6],"2":[0,0]},"f":{"1":6,"2":1,"3":5,"4":2,"5":0,"6":0,"7":29,"8":0,"9":2,"10":0,"11":3,"12":0,"13":0,"14":0,"15":0,"16":3,"17":0,"18":0,"19":0,"20":0,"21":0,"22":0,"23":0},"fnMap":{"1":{"name":"onlyBitBracketsContract","line":23,"loc":{"start":{"line":23,"column":4},"end":{"line":23,"column":36}}},"2":{"name":"BbStorage","line":34,"loc":{"start":{"line":34,"column":4},"end":{"line":34,"column":29}}},"3":{"name":"getAddress","line":44,"loc":{"start":{"line":44,"column":4},"end":{"line":44,"column":67}}},"4":{"name":"getUint","line":49,"loc":{"start":{"line":49,"column":4},"end":{"line":49,"column":61}}},"5":{"name":"getString","line":54,"loc":{"start":{"line":54,"column":4},"end":{"line":54,"column":65}}},"6":{"name":"getBytes","line":59,"loc":{"start":{"line":59,"column":4},"end":{"line":59,"column":63}}},"7":{"name":"getBool","line":64,"loc":{"start":{"line":64,"column":4},"end":{"line":64,"column":61}}},"8":{"name":"getInt","line":69,"loc":{"start":{"line":69,"column":4},"end":{"line":69,"column":59}}},"9":{"name":"getInt8Array","line":74,"loc":{"start":{"line":74,"column":4},"end":{"line":74,"column":72}}},"10":{"name":"setAddress","line":81,"loc":{"start":{"line":81,"column":4},"end":{"line":81,"column":84}}},"11":{"name":"setUint","line":86,"loc":{"start":{"line":86,"column":4},"end":{"line":86,"column":78}}},"12":{"name":"setString","line":91,"loc":{"start":{"line":91,"column":4},"end":{"line":91,"column":82}}},"13":{"name":"setBytes","line":96,"loc":{"start":{"line":96,"column":4},"end":{"line":96,"column":80}}},"14":{"name":"setBool","line":101,"loc":{"start":{"line":101,"column":4},"end":{"line":101,"column":78}}},"15":{"name":"setInt","line":106,"loc":{"start":{"line":106,"column":4},"end":{"line":106,"column":76}}},"16":{"name":"setInt8Array","line":111,"loc":{"start":{"line":111,"column":4},"end":{"line":111,"column":90}}},"17":{"name":"deleteAddress","line":118,"loc":{"start":{"line":118,"column":4},"end":{"line":118,"column":71}}},"18":{"name":"deleteUint","line":123,"loc":{"start":{"line":123,"column":4},"end":{"line":123,"column":68}}},"19":{"name":"deleteString","line":128,"loc":{"start":{"line":128,"column":4},"end":{"line":128,"column":70}}},"20":{"name":"deleteBytes","line":133,"loc":{"start":{"line":133,"column":4},"end":{"line":133,"column":69}}},"21":{"name":"deleteBool","line":138,"loc":{"start":{"line":138,"column":4},"end":{"line":138,"column":68}}},"22":{"name":"deleteInt","line":143,"loc":{"start":{"line":143,"column":4},"end":{"line":143,"column":67}}},"23":{"name":"deleteInt8Array","line":148,"loc":{"start":{"line":148,"column":4},"end":{"line":148,"column":74}}}},"statementMap":{"1":{"start":{"line":25,"column":8},"end":{"line":25,"column":990}},"2":{"start":{"line":27,"column":12},"end":{"line":27,"column":84}},"3":{"start":{"line":37,"column":8},"end":{"line":37,"column":72}},"4":{"start":{"line":45,"column":8},"end":{"line":45,"column":35}},"5":{"start":{"line":50,"column":8},"end":{"line":50,"column":32}},"6":{"start":{"line":55,"column":8},"end":{"line":55,"column":34}},"7":{"start":{"line":60,"column":8},"end":{"line":60,"column":33}},"8":{"start":{"line":65,"column":8},"end":{"line":65,"column":32}},"9":{"start":{"line":70,"column":8},"end":{"line":70,"column":31}},"10":{"start":{"line":75,"column":8},"end":{"line":75,"column":37}},"11":{"start":{"line":82,"column":8},"end":{"line":82,"column":36}},"12":{"start":{"line":87,"column":8},"end":{"line":87,"column":33}},"13":{"start":{"line":92,"column":8},"end":{"line":92,"column":35}},"14":{"start":{"line":97,"column":8},"end":{"line":97,"column":34}},"15":{"start":{"line":102,"column":8},"end":{"line":102,"column":33}},"16":{"start":{"line":107,"column":8},"end":{"line":107,"column":32}},"17":{"start":{"line":112,"column":8},"end":{"line":112,"column":39}}},"branchMap":{"1":{"line":25,"type":"if","locations":[{"start":{"line":25,"column":8},"end":{"line":25,"column":8}},{"start":{"line":25,"column":8},"end":{"line":25,"column":8}}]},"2":{"line":27,"type":"if","locations":[{"start":{"line":27,"column":12},"end":{"line":27,"column":12}},{"start":{"line":27,"column":12},"end":{"line":27,"column":12}}]}}},"contracts/ContestPool.sol":{"l":{"89":3,"90":1,"94":5,"95":5,"96":2,"100":0,"101":0,"102":0,"103":0,"104":0,"108":0,"109":0,"113":8,"114":8,"118":8,"119":8,"122":8,"123":8,"127":0,"128":0,"129":0,"133":0,"134":0,"138":0,"139":0,"156":21,"157":21,"158":21,"159":21,"160":21,"161":21,"162":21,"163":21,"164":21,"170":0,"174":0,"184":5,"185":5,"187":5,"189":5,"190":5,"192":5,"193":5,"196":5,"197":5,"199":5,"200":5,"201":5,"202":5,"206":5,"208":5,"210":5,"212":5,"213":5,"222":0,"223":0,"224":0,"226":0,"227":0,"229":0,"233":0,"235":0,"236":0,"238":0,"242":0,"243":0,"244":0,"245":0,"246":0,"250":0,"252":0,"253":0,"255":0,"265":0,"266":0,"270":0,"279":0,"281":0,"282":0,"283":0,"285":0,"286":0,"289":0,"294":0,"295":0,"296":0,"297":0,"298":0,"299":0,"302":0,"306":0,"307":0,"311":8,"312":8,"313":8,"314":8,"318":0,"322":0,"326":0,"330":0},"path":"/Users/dougmolina/Apps/projects/solidity/bitbrackets_smart_contracts/contracts/ContestPool.sol","s":{"1":3,"2":5,"3":5,"4":0,"5":0,"6":0,"7":0,"8":0,"9":8,"10":8,"11":8,"12":0,"13":0,"14":0,"15":0,"16":21,"17":21,"18":21,"19":21,"20":21,"21":21,"22":21,"23":21,"24":21,"25":0,"26":0,"27":5,"28":5,"29":5,"30":5,"31":5,"32":5,"33":5,"34":5,"35":5,"36":5,"37":5,"38":5,"39":5,"40":5,"41":5,"42":5,"43":5,"44":0,"45":0,"46":0,"47":0,"48":0,"49":0,"50":0,"51":0,"52":0,"53":0,"54":0,"55":0,"56":0,"57":0,"58":0,"59":0,"60":0,"61":0,"62":0,"63":0,"64":0,"65":0,"66":0,"67":0,"68":0,"69":0,"70":0,"71":0,"72":0,"73":0,"74":0,"75":0,"76":0,"77":0,"78":8,"79":8,"80":8,"81":8,"82":0,"83":0,"84":0,"85":0},"b":{"1":[1,2],"2":[2,3],"3":[0,0],"4":[0,0],"5":[0,0],"6":[8,0],"7":[8,0],"8":[8,0],"9":[0,0],"10":[0,0],"11":[0,0],"12":[0,0],"13":[5,0],"14":[5,0],"15":[5,0],"16":[5,0],"17":[0,0],"18":[0,0],"19":[0,0],"20":[0,0],"21":[0,0],"22":[0,0],"23":[0,0],"24":[0,0],"25":[0,0],"26":[0,0],"27":[8,0],"28":[8,0]},"f":{"1":3,"2":5,"3":0,"4":0,"5":8,"6":8,"7":8,"8":0,"9":0,"10":0,"11":21,"12":0,"13":0,"14":5,"15":0,"16":0,"17":0,"18":0,"19":0,"20":0,"21":0,"22":8,"23":0,"24":0,"25":0,"26":0},"fnMap":{"1":{"name":"onlyWinner","line":88,"loc":{"start":{"line":88,"column":4},"end":{"line":88,"column":23}}},"2":{"name":"isAfterGraceTime","line":93,"loc":{"start":{"line":93,"column":4},"end":{"line":93,"column":29}}},"3":{"name":"isInGraceTime","line":99,"loc":{"start":{"line":99,"column":4},"end":{"line":99,"column":26}}},"4":{"name":"isAfterStartTime","line":107,"loc":{"start":{"line":107,"column":4},"end":{"line":107,"column":29}}},"5":{"name":"isBeforeStartTime","line":112,"loc":{"start":{"line":112,"column":4},"end":{"line":112,"column":30}}},"6":{"name":"isAmountPerPlayer","line":117,"loc":{"start":{"line":117,"column":4},"end":{"line":117,"column":30}}},"7":{"name":"onlyForPlayers","line":121,"loc":{"start":{"line":121,"column":4},"end":{"line":121,"column":27}}},"8":{"name":"onlyActivePlayers","line":126,"loc":{"start":{"line":126,"column":4},"end":{"line":126,"column":30}}},"9":{"name":"notManager","line":132,"loc":{"start":{"line":132,"column":4},"end":{"line":132,"column":23}}},"10":{"name":"onlyManager","line":137,"loc":{"start":{"line":137,"column":4},"end":{"line":137,"column":24}}},"11":{"name":"ContestPool","line":142,"loc":{"start":{"line":142,"column":4},"end":{"line":154,"column":5}}},"12":{"name":"getWinners","line":169,"loc":{"start":{"line":169,"column":4},"end":{"line":169,"column":56}}},"13":{"name":"getMaxUsersCount","line":173,"loc":{"start":{"line":173,"column":4},"end":{"line":173,"column":67}}},"14":{"name":"getWinnerAmount","line":183,"loc":{"start":{"line":183,"column":4},"end":{"line":183,"column":71}}},"15":{"name":"claimThePrize","line":221,"loc":{"start":{"line":221,"column":4},"end":{"line":221,"column":61}}},"16":{"name":"claimPaymentByManager","line":232,"loc":{"start":{"line":232,"column":4},"end":{"line":232,"column":53}}},"17":{"name":"getFeeFor","line":241,"loc":{"start":{"line":241,"column":4},"end":{"line":241,"column":83}}},"18":{"name":"claimPaymentByOwner","line":249,"loc":{"start":{"line":249,"column":4},"end":{"line":249,"column":49}}},"19":{"name":"publishHighScore","line":258,"loc":{"start":{"line":258,"column":4},"end":{"line":258,"column":89}}},"20":{"name":"calculatePlayerScore","line":293,"loc":{"start":{"line":293,"column":4},"end":{"line":293,"column":111}}},"21":{"name":"getResult","line":305,"loc":{"start":{"line":305,"column":4},"end":{"line":305,"column":63}}},"22":{"name":"sendPredictionSet","line":310,"loc":{"start":{"line":310,"column":4},"end":{"line":310,"column":115}}},"23":{"name":"getPredictionSet","line":317,"loc":{"start":{"line":317,"column":4},"end":{"line":317,"column":81}}},"24":{"name":"getCurrentTimestamp","line":321,"loc":{"start":{"line":321,"column":4},"end":{"line":321,"column":62}}},"25":{"name":"hasContestEnded","line":325,"loc":{"start":{"line":325,"column":4},"end":{"line":325,"column":56}}},"26":{"name":"isContestActive","line":329,"loc":{"start":{"line":329,"column":4},"end":{"line":329,"column":56}}}},"statementMap":{"1":{"start":{"line":89,"column":8},"end":{"line":89,"column":44}},"2":{"start":{"line":94,"column":8},"end":{"line":94,"column":49}},"3":{"start":{"line":95,"column":8},"end":{"line":95,"column":52}},"4":{"start":{"line":100,"column":8},"end":{"line":100,"column":36}},"5":{"start":{"line":101,"column":8},"end":{"line":101,"column":49}},"6":{"start":{"line":102,"column":8},"end":{"line":102,"column":54}},"7":{"start":{"line":103,"column":8},"end":{"line":103,"column":52}},"8":{"start":{"line":108,"column":8},"end":{"line":108,"column":49}},"9":{"start":{"line":113,"column":8},"end":{"line":113,"column":49}},"10":{"start":{"line":118,"column":8},"end":{"line":118,"column":44}},"11":{"start":{"line":122,"column":8},"end":{"line":122,"column":70}},"12":{"start":{"line":127,"column":8},"end":{"line":127,"column":70}},"13":{"start":{"line":128,"column":8},"end":{"line":128,"column":51}},"14":{"start":{"line":133,"column":8},"end":{"line":133,"column":37}},"15":{"start":{"line":138,"column":8},"end":{"line":138,"column":37}},"16":{"start":{"line":156,"column":8},"end":{"line":156,"column":25}},"17":{"start":{"line":157,"column":8},"end":{"line":157,"column":33}},"18":{"start":{"line":158,"column":8},"end":{"line":158,"column":29}},"19":{"start":{"line":159,"column":8},"end":{"line":159,"column":25}},"20":{"start":{"line":160,"column":8},"end":{"line":160,"column":29}},"21":{"start":{"line":161,"column":8},"end":{"line":161,"column":31}},"22":{"start":{"line":162,"column":8},"end":{"line":162,"column":41}},"23":{"start":{"line":163,"column":8},"end":{"line":163,"column":27}},"24":{"start":{"line":164,"column":8},"end":{"line":164,"column":31}},"25":{"start":{"line":170,"column":8},"end":{"line":170,"column":22}},"26":{"start":{"line":174,"column":8},"end":{"line":174,"column":46}},"27":{"start":{"line":184,"column":8},"end":{"line":184,"column":34}},"28":{"start":{"line":185,"column":8},"end":{"line":185,"column":52}},"29":{"start":{"line":187,"column":8},"end":{"line":187,"column":80}},"30":{"start":{"line":189,"column":8},"end":{"line":189,"column":5124}},"31":{"start":{"line":190,"column":12},"end":{"line":190,"column":64}},"32":{"start":{"line":192,"column":8},"end":{"line":192,"column":5233}},"33":{"start":{"line":193,"column":12},"end":{"line":193,"column":66}},"34":{"start":{"line":196,"column":8},"end":{"line":196,"column":61}},"35":{"start":{"line":197,"column":8},"end":{"line":197,"column":73}},"36":{"start":{"line":199,"column":8},"end":{"line":199,"column":30}},"37":{"start":{"line":200,"column":8},"end":{"line":200,"column":5521}},"38":{"start":{"line":201,"column":12},"end":{"line":201,"column":5584}},"39":{"start":{"line":206,"column":8},"end":{"line":206,"column":64}},"40":{"start":{"line":208,"column":8},"end":{"line":208,"column":41}},"41":{"start":{"line":210,"column":8},"end":{"line":210,"column":46}},"42":{"start":{"line":212,"column":8},"end":{"line":212,"column":47}},"43":{"start":{"line":213,"column":8},"end":{"line":213,"column":38}},"44":{"start":{"line":222,"column":8},"end":{"line":222,"column":37}},"45":{"start":{"line":223,"column":8},"end":{"line":223,"column":45}},"46":{"start":{"line":224,"column":8},"end":{"line":224,"column":33}},"47":{"start":{"line":226,"column":2},"end":{"line":226,"column":28}},"48":{"start":{"line":229,"column":8},"end":{"line":229,"column":53}},"49":{"start":{"line":233,"column":8},"end":{"line":233,"column":64}},"50":{"start":{"line":235,"column":8},"end":{"line":235,"column":31}},"51":{"start":{"line":238,"column":8},"end":{"line":238,"column":67}},"52":{"start":{"line":242,"column":8},"end":{"line":242,"column":23}},"53":{"start":{"line":243,"column":8},"end":{"line":243,"column":35}},"54":{"start":{"line":244,"column":8},"end":{"line":244,"column":54}},"55":{"start":{"line":245,"column":8},"end":{"line":245,"column":29}},"56":{"start":{"line":246,"column":8},"end":{"line":246,"column":24}},"57":{"start":{"line":250,"column":8},"end":{"line":250,"column":60}},"58":{"start":{"line":252,"column":8},"end":{"line":252,"column":34}},"59":{"start":{"line":255,"column":8},"end":{"line":255,"column":63}},"60":{"start":{"line":265,"column":8},"end":{"line":265,"column":41}},"61":{"start":{"line":266,"column":8},"end":{"line":266,"column":58}},"62":{"start":{"line":270,"column":8},"end":{"line":270,"column":67}},"63":{"start":{"line":279,"column":8},"end":{"line":279,"column":57}},"64":{"start":{"line":281,"column":8},"end":{"line":281,"column":8274}},"65":{"start":{"line":282,"column":12},"end":{"line":282,"column":8319}},"66":{"start":{"line":283,"column":16},"end":{"line":283,"column":35}},"67":{"start":{"line":286,"column":12},"end":{"line":286,"column":23}},"68":{"start":{"line":289,"column":8},"end":{"line":289,"column":20}},"69":{"start":{"line":294,"column":8},"end":{"line":294,"column":38}},"70":{"start":{"line":295,"column":8},"end":{"line":295,"column":41}},"71":{"start":{"line":296,"column":8},"end":{"line":296,"column":21}},"72":{"start":{"line":297,"column":8},"end":{"line":297,"column":8742}},"73":{"start":{"line":298,"column":12},"end":{"line":298,"column":8793}},"74":{"start":{"line":299,"column":16},"end":{"line":299,"column":35}},"75":{"start":{"line":302,"column":8},"end":{"line":302,"column":20}},"76":{"start":{"line":306,"column":8},"end":{"line":306,"column":102}},"77":{"start":{"line":307,"column":8},"end":{"line":307,"column":81}},"78":{"start":{"line":311,"column":8},"end":{"line":311,"column":38}},"79":{"start":{"line":312,"column":8},"end":{"line":312,"column":51}},"80":{"start":{"line":313,"column":8},"end":{"line":313,"column":44}},"81":{"start":{"line":314,"column":8},"end":{"line":314,"column":55}},"82":{"start":{"line":318,"column":8},"end":{"line":318,"column":42}},"83":{"start":{"line":322,"column":8},"end":{"line":322,"column":18}},"84":{"start":{"line":326,"column":8},"end":{"line":326,"column":61}},"85":{"start":{"line":330,"column":8},"end":{"line":330,"column":33}}},"branchMap":{"1":{"line":89,"type":"if","locations":[{"start":{"line":89,"column":8},"end":{"line":89,"column":8}},{"start":{"line":89,"column":8},"end":{"line":89,"column":8}}]},"2":{"line":95,"type":"if","locations":[{"start":{"line":95,"column":8},"end":{"line":95,"column":8}},{"start":{"line":95,"column":8},"end":{"line":95,"column":8}}]},"3":{"line":102,"type":"if","locations":[{"start":{"line":102,"column":8},"end":{"line":102,"column":8}},{"start":{"line":102,"column":8},"end":{"line":102,"column":8}}]},"4":{"line":103,"type":"if","locations":[{"start":{"line":103,"column":8},"end":{"line":103,"column":8}},{"start":{"line":103,"column":8},"end":{"line":103,"column":8}}]},"5":{"line":108,"type":"if","locations":[{"start":{"line":108,"column":8},"end":{"line":108,"column":8}},{"start":{"line":108,"column":8},"end":{"line":108,"column":8}}]},"6":{"line":113,"type":"if","locations":[{"start":{"line":113,"column":8},"end":{"line":113,"column":8}},{"start":{"line":113,"column":8},"end":{"line":113,"column":8}}]},"7":{"line":118,"type":"if","locations":[{"start":{"line":118,"column":8},"end":{"line":118,"column":8}},{"start":{"line":118,"column":8},"end":{"line":118,"column":8}}]},"8":{"line":122,"type":"if","locations":[{"start":{"line":122,"column":8},"end":{"line":122,"column":8}},{"start":{"line":122,"column":8},"end":{"line":122,"column":8}}]},"9":{"line":127,"type":"if","locations":[{"start":{"line":127,"column":8},"end":{"line":127,"column":8}},{"start":{"line":127,"column":8},"end":{"line":127,"column":8}}]},"10":{"line":128,"type":"if","locations":[{"start":{"line":128,"column":8},"end":{"line":128,"column":8}},{"start":{"line":128,"column":8},"end":{"line":128,"column":8}}]},"11":{"line":133,"type":"if","locations":[{"start":{"line":133,"column":8},"end":{"line":133,"column":8}},{"start":{"line":133,"column":8},"end":{"line":133,"column":8}}]},"12":{"line":138,"type":"if","locations":[{"start":{"line":138,"column":8},"end":{"line":138,"column":8}},{"start":{"line":138,"column":8},"end":{"line":138,"column":8}}]},"13":{"line":184,"type":"if","locations":[{"start":{"line":184,"column":8},"end":{"line":184,"column":8}},{"start":{"line":184,"column":8},"end":{"line":184,"column":8}}]},"14":{"line":189,"type":"if","locations":[{"start":{"line":189,"column":8},"end":{"line":189,"column":8}},{"start":{"line":189,"column":8},"end":{"line":189,"column":8}}]},"15":{"line":192,"type":"if","locations":[{"start":{"line":192,"column":8},"end":{"line":192,"column":8}},{"start":{"line":192,"column":8},"end":{"line":192,"column":8}}]},"16":{"line":201,"type":"if","locations":[{"start":{"line":201,"column":12},"end":{"line":201,"column":12}},{"start":{"line":201,"column":12},"end":{"line":201,"column":12}}]},"17":{"line":222,"type":"if","locations":[{"start":{"line":222,"column":8},"end":{"line":222,"column":8}},{"start":{"line":222,"column":8},"end":{"line":222,"column":8}}]},"18":{"line":224,"type":"if","locations":[{"start":{"line":224,"column":8},"end":{"line":224,"column":8}},{"start":{"line":224,"column":8},"end":{"line":224,"column":8}}]},"19":{"line":242,"type":"if","locations":[{"start":{"line":242,"column":8},"end":{"line":242,"column":8}},{"start":{"line":242,"column":8},"end":{"line":242,"column":8}}]},"20":{"line":243,"type":"if","locations":[{"start":{"line":243,"column":8},"end":{"line":243,"column":8}},{"start":{"line":243,"column":8},"end":{"line":243,"column":8}}]},"21":{"line":245,"type":"if","locations":[{"start":{"line":245,"column":8},"end":{"line":245,"column":8}},{"start":{"line":245,"column":8},"end":{"line":245,"column":8}}]},"22":{"line":281,"type":"if","locations":[{"start":{"line":281,"column":8},"end":{"line":281,"column":8}},{"start":{"line":281,"column":8},"end":{"line":281,"column":8}}]},"23":{"line":282,"type":"if","locations":[{"start":{"line":282,"column":12},"end":{"line":282,"column":12}},{"start":{"line":282,"column":12},"end":{"line":282,"column":12}}]},"24":{"line":294,"type":"if","locations":[{"start":{"line":294,"column":8},"end":{"line":294,"column":8}},{"start":{"line":294,"column":8},"end":{"line":294,"column":8}}]},"25":{"line":295,"type":"if","locations":[{"start":{"line":295,"column":8},"end":{"line":295,"column":8}},{"start":{"line":295,"column":8},"end":{"line":295,"column":8}}]},"26":{"line":298,"type":"if","locations":[{"start":{"line":298,"column":12},"end":{"line":298,"column":12}},{"start":{"line":298,"column":12},"end":{"line":298,"column":12}}]},"27":{"line":311,"type":"if","locations":[{"start":{"line":311,"column":8},"end":{"line":311,"column":8}},{"start":{"line":311,"column":8},"end":{"line":311,"column":8}}]},"28":{"line":312,"type":"if","locations":[{"start":{"line":312,"column":8},"end":{"line":312,"column":8}},{"start":{"line":312,"column":8},"end":{"line":312,"column":8}}]}}},"contracts/ContestPoolFactory.sol":{"l":{"46":13,"47":12,"51":8,"52":7,"60":1,"74":12,"75":11,"76":10,"77":10,"78":10,"79":10,"81":10,"92":10,"98":10,"103":7,"104":7,"105":7,"106":5,"108":5,"109":5,"122":5,"123":5,"127":1,"128":1},"path":"/Users/dougmolina/Apps/projects/solidity/bitbrackets_smart_contracts/contracts/ContestPoolFactory.sol","s":{"1":13,"2":8,"3":1,"4":12,"5":11,"6":10,"7":10,"8":10,"9":10,"10":10,"11":10,"12":10,"13":7,"14":7,"15":7,"16":5,"17":5,"18":5,"19":5,"20":5,"21":1},"b":{"1":[12,1],"2":[7,1],"3":[11,1],"4":[10,1],"5":[10,0],"6":[10,0],"7":[10,0],"8":[10,0],"9":[7,0],"10":[5,2],"11":[5,0],"12":[1,0]},"f":{"1":13,"2":8,"3":1,"4":12,"5":7,"6":1},"fnMap":{"1":{"name":"isNew","line":45,"loc":{"start":{"line":45,"column":4},"end":{"line":45,"column":38}}},"2":{"name":"exists","line":50,"loc":{"start":{"line":50,"column":4},"end":{"line":50,"column":39}}},"3":{"name":"ContestPoolFactory","line":58,"loc":{"start":{"line":58,"column":4},"end":{"line":58,"column":85}}},"4":{"name":"createContestPoolDefinition","line":63,"loc":{"start":{"line":63,"column":4},"end":{"line":73,"column":5}}},"5":{"name":"createContestPool","line":101,"loc":{"start":{"line":101,"column":4},"end":{"line":102,"column":63}}},"6":{"name":"withdrawFee","line":126,"loc":{"start":{"line":126,"column":4},"end":{"line":126,"column":41}}}},"statementMap":{"1":{"start":{"line":46,"column":8},"end":{"line":46,"column":49}},"2":{"start":{"line":51,"column":8},"end":{"line":51,"column":48}},"3":{"start":{"line":60,"column":8},"end":{"line":60,"column":18}},"4":{"start":{"line":74,"column":8},"end":{"line":74,"column":44}},"5":{"start":{"line":75,"column":8},"end":{"line":75,"column":31}},"6":{"start":{"line":76,"column":8},"end":{"line":76,"column":29}},"7":{"start":{"line":77,"column":8},"end":{"line":77,"column":31}},"8":{"start":{"line":78,"column":8},"end":{"line":78,"column":32}},"9":{"start":{"line":79,"column":8},"end":{"line":79,"column":37}},"10":{"start":{"line":81,"column":8},"end":{"line":81,"column":1915}},"11":{"start":{"line":92,"column":8},"end":{"line":92,"column":2298}},"12":{"start":{"line":98,"column":8},"end":{"line":98,"column":48}},"13":{"start":{"line":103,"column":8},"end":{"line":103,"column":36}},"14":{"start":{"line":104,"column":8},"end":{"line":104,"column":75}},"15":{"start":{"line":105,"column":8},"end":{"line":105,"column":43}},"16":{"start":{"line":106,"column":8},"end":{"line":106,"column":56}},"17":{"start":{"line":108,"column":8},"end":{"line":108,"column":35}},"18":{"start":{"line":109,"column":8},"end":{"line":109,"column":2912}},"19":{"start":{"line":122,"column":8},"end":{"line":122,"column":80}},"20":{"start":{"line":123,"column":8},"end":{"line":123,"column":36}},"21":{"start":{"line":127,"column":8},"end":{"line":127,"column":32}}},"branchMap":{"1":{"line":46,"type":"if","locations":[{"start":{"line":46,"column":8},"end":{"line":46,"column":8}},{"start":{"line":46,"column":8},"end":{"line":46,"column":8}}]},"2":{"line":51,"type":"if","locations":[{"start":{"line":51,"column":8},"end":{"line":51,"column":8}},{"start":{"line":51,"column":8},"end":{"line":51,"column":8}}]},"3":{"line":74,"type":"if","locations":[{"start":{"line":74,"column":8},"end":{"line":74,"column":8}},{"start":{"line":74,"column":8},"end":{"line":74,"column":8}}]},"4":{"line":75,"type":"if","locations":[{"start":{"line":75,"column":8},"end":{"line":75,"column":8}},{"start":{"line":75,"column":8},"end":{"line":75,"column":8}}]},"5":{"line":76,"type":"if","locations":[{"start":{"line":76,"column":8},"end":{"line":76,"column":8}},{"start":{"line":76,"column":8},"end":{"line":76,"column":8}}]},"6":{"line":77,"type":"if","locations":[{"start":{"line":77,"column":8},"end":{"line":77,"column":8}},{"start":{"line":77,"column":8},"end":{"line":77,"column":8}}]},"7":{"line":78,"type":"if","locations":[{"start":{"line":78,"column":8},"end":{"line":78,"column":8}},{"start":{"line":78,"column":8},"end":{"line":78,"column":8}}]},"8":{"line":79,"type":"if","locations":[{"start":{"line":79,"column":8},"end":{"line":79,"column":8}},{"start":{"line":79,"column":8},"end":{"line":79,"column":8}}]},"9":{"line":103,"type":"if","locations":[{"start":{"line":103,"column":8},"end":{"line":103,"column":8}},{"start":{"line":103,"column":8},"end":{"line":103,"column":8}}]},"10":{"line":105,"type":"if","locations":[{"start":{"line":105,"column":8},"end":{"line":105,"column":8}},{"start":{"line":105,"column":8},"end":{"line":105,"column":8}}]},"11":{"line":106,"type":"if","locations":[{"start":{"line":106,"column":8},"end":{"line":106,"column":8}},{"start":{"line":106,"column":8},"end":{"line":106,"column":8}}]},"12":{"line":127,"type":"if","locations":[{"start":{"line":127,"column":8},"end":{"line":127,"column":8}},{"start":{"line":127,"column":8},"end":{"line":127,"column":8}}]}}},"contracts/interface/BbStorageInterface.sol":{"l":{},"path":"/Users/dougmolina/Apps/projects/solidity/bitbrackets_smart_contracts/contracts/interface/BbStorageInterface.sol","s":{},"b":{},"f":{"1":0},"fnMap":{"1":{"name":"onlyLatestBitBracketsContract","line":8,"loc":{"start":{"line":8,"column":4},"end":{"line":8,"column":42}}}},"statementMap":{},"branchMap":{}},"contracts/interface/ResultsLookupInterface.sol":{"l":{},"path":"/Users/dougmolina/Apps/projects/solidity/bitbrackets_smart_contracts/contracts/interface/ResultsLookupInterface.sol","s":{},"b":{},"f":{"1":0},"fnMap":{"1":{"name":"onlySuperUser","line":7,"loc":{"start":{"line":7,"column":4},"end":{"line":7,"column":26}}}},"statementMap":{},"branchMap":{}},"contracts/ResultsLookup.sol":{"l":{"24":1,"30":3,"31":3,"33":3,"37":2,"38":2,"40":2},"path":"/Users/dougmolina/Apps/projects/solidity/bitbrackets_smart_contracts/contracts/ResultsLookup.sol","s":{"1":1,"2":3,"3":2,"4":2,"5":2},"b":{},"f":{"1":1,"2":3,"3":2},"fnMap":{"1":{"name":"ResultsLookup","line":23,"loc":{"start":{"line":23,"column":4},"end":{"line":23,"column":80}}},"2":{"name":"registerResult","line":29,"loc":{"start":{"line":29,"column":4},"end":{"line":29,"column":98}}},"3":{"name":"getResult","line":36,"loc":{"start":{"line":36,"column":4},"end":{"line":36,"column":81}}}},"statementMap":{"1":{"start":{"line":24,"column":8},"end":{"line":24,"column":18}},"2":{"start":{"line":33,"column":8},"end":{"line":33,"column":57}},"3":{"start":{"line":37,"column":8},"end":{"line":37,"column":84}},"4":{"start":{"line":38,"column":8},"end":{"line":38,"column":98}},"5":{"start":{"line":40,"column":8},"end":{"line":40,"column":30}}},"branchMap":{}}}