TN:
SF:/Users/dougmolina/Apps/projects/solidity/bitbrackets_smart_contracts/contracts/AddressArray.sol
FN:13,containsItem
FN:22,addItem
FN:30,clear
FNF:3
FNH:3
FNDA:36,containsItem
FNDA:100,addItem
FNDA:11,clear
DA:14,36
DA:15,42
DA:16,22
DA:19,14
DA:23,100
DA:24,100
DA:26,100
DA:27,100
DA:31,11
DA:32,11
LF:10
LH:10
BRDA:15,1,0,22
BRDA:15,1,1,20
BRDA:23,2,0,100
BRDA:23,2,1,0
BRF:4
BRH:3
end_of_record
TN:
SF:/Users/dougmolina/Apps/projects/solidity/bitbrackets_smart_contracts/contracts/BbBase.sol
FN:28,onlyOwner
FN:36,onlyAdmin
FN:44,onlySuperUser
FN:52,onlyRole
FN:61,BbBase
FN:73,roleHas
FN:80,roleCheck
FNF:7
FNH:5
FNDA:23,onlyOwner
FNDA:0,onlyAdmin
FNDA:5,onlySuperUser
FNDA:0,onlyRole
FNDA:74,BbBase
FNDA:112,roleHas
FNDA:23,roleCheck
DA:29,23
DA:30,21
DA:37,0
DA:38,0
DA:45,5
DA:46,4
DA:53,0
DA:54,0
DA:63,74
DA:74,112
DA:81,23
LF:11
LH:7
BRDA:45,1,0,4
BRDA:45,1,1,1
BRDA:81,2,0,21
BRDA:81,2,1,2
BRF:4
BRH:4
end_of_record
TN:
SF:/Users/dougmolina/Apps/projects/solidity/bitbrackets_smart_contracts/contracts/BbRole.sol
FN:31,onlyLatestBbRole
FN:39,BbRole
FN:48,transferOwnership
FN:66,adminRoleAdd
FN:73,adminRoleRemove
FN:83,roleAdd
FN:97,roleRemove
FNF:7
FNH:0
FNDA:0,onlyLatestBbRole
FNDA:0,BbRole
FNDA:0,transferOwnership
FNDA:0,adminRoleAdd
FNDA:0,adminRoleRemove
FNDA:0,roleAdd
FNDA:0,roleRemove
DA:32,0
DA:33,0
DA:41,0
DA:50,0
DA:52,0
DA:54,0
DA:56,0
DA:67,0
DA:74,0
DA:85,0
DA:87,0
DA:89,0
DA:91,0
DA:99,0
DA:101,0
DA:103,0
LF:16
LH:0
BRDA:32,1,0,0
BRDA:32,1,1,0
BRDA:50,2,0,0
BRDA:50,2,1,0
BRDA:85,3,0,0
BRDA:85,3,1,0
BRDA:87,4,0,0
BRDA:87,4,1,0
BRDA:99,5,0,0
BRDA:99,5,1,0
BRF:10
BRH:0
end_of_record
TN:
SF:/Users/dougmolina/Apps/projects/solidity/bitbrackets_smart_contracts/contracts/BbStorage.sol
FN:23,onlyBitBracketsContract
FN:34,BbStorage
FN:44,getAddress
FN:49,getUint
FN:54,getString
FN:59,getBytes
FN:64,getBool
FN:69,getInt
FN:74,getInt8Array
FN:81,setAddress
FN:86,setUint
FN:91,setString
FN:96,setBytes
FN:101,setBool
FN:106,setInt
FN:111,setInt8Array
FN:118,deleteAddress
FN:123,deleteUint
FN:128,deleteString
FN:133,deleteBytes
FN:138,deleteBool
FN:143,deleteInt
FN:148,deleteInt8Array
FNF:23
FNH:8
FNDA:8,onlyBitBracketsContract
FNDA:1,BbStorage
FNDA:98,getAddress
FNDA:2,getUint
FNDA:0,getString
FNDA:0,getBytes
FNDA:112,getBool
FNDA:0,getInt
FNDA:2,getInt8Array
FNDA:0,setAddress
FNDA:4,setUint
FNDA:0,setString
FNDA:0,setBytes
FNDA:0,setBool
FNDA:0,setInt
FNDA:4,setInt8Array
FNDA:0,deleteAddress
FNDA:0,deleteUint
FNDA:0,deleteString
FNDA:0,deleteBytes
FNDA:0,deleteBool
FNDA:0,deleteInt
FNDA:0,deleteInt8Array
DA:25,8
DA:27,0
DA:29,8
DA:37,1
DA:45,98
DA:50,2
DA:55,0
DA:60,0
DA:65,112
DA:70,0
DA:75,2
DA:82,0
DA:87,4
DA:92,0
DA:97,0
DA:102,0
DA:107,0
DA:112,4
DA:119,0
DA:124,0
DA:129,0
DA:134,0
DA:139,0
DA:144,0
DA:149,0
LF:25
LH:9
BRDA:25,1,0,0
BRDA:25,1,1,8
BRDA:27,2,0,0
BRDA:27,2,1,0
BRF:4
BRH:1
end_of_record
TN:
SF:/Users/dougmolina/Apps/projects/solidity/bitbrackets_smart_contracts/contracts/ContestPool.sol
FN:103,onlyWinner
FN:108,isAfterGraceTime
FN:114,isInGraceTime
FN:122,isAfterStartTime
FN:127,isBeforeStartTime
FN:132,isAmountPerPlayer
FN:136,onlyForPlayers
FN:141,onlyActivePlayers
FN:147,notManager
FN:152,onlyManager
FN:157,allWinnerHaveClaimedPayment
FN:162,ContestPool
FN:189,
FN:195,getWinners
FN:199,getTotalWinners
FN:203,getMaxUsersCount
FN:207,getPendingPayments
FN:211,getOwnerAndManagerFees
FN:222,getTotalWinnersFee
FN:226,getOwner
FN:233,getFeePerWinner
FN:239,getPartialBalanceFee
FN:247,getPartialBalance
FN:260,getWinnerAmount
FN:273,claimPaymentByWinner
FN:286,getAmount
FN:293,claimPaymentByManager
FN:303,getPoolBalance
FN:307,claimPaymentByOwner
FN:317,addWinnerDependingOnScore
FN:335,publishHighScore
FN:363,calculatePlayerScore
FN:375,getResult
FN:380,sendPredictionSet
FN:388,getPredictionSet
FN:392,getCurrentTimestamp
FN:396,hasContestEnded
FN:400,isContestActive
FNF:38
FNH:29
FNDA:19,onlyWinner
FNDA:28,isAfterGraceTime
FNDA:0,isInGraceTime
FNDA:8,isAfterStartTime
FNDA:80,isBeforeStartTime
FNDA:80,isAmountPerPlayer
FNDA:82,onlyForPlayers
FNDA:1,onlyActivePlayers
FNDA:0,notManager
FNDA:8,onlyManager
FNDA:7,allWinnerHaveClaimedPayment
FNDA:72,ContestPool
FNDA:0,
FNDA:0,getWinners
FNDA:52,getTotalWinners
FNDA:0,getMaxUsersCount
FNDA:30,getPendingPayments
FNDA:91,getOwnerAndManagerFees
FNDA:61,getTotalWinnersFee
FNDA:97,getOwner
FNDA:52,getFeePerWinner
FNDA:30,getPartialBalanceFee
FNDA:19,getPartialBalance
FNDA:19,getWinnerAmount
FNDA:15,claimPaymentByWinner
FNDA:11,getAmount
FNDA:6,claimPaymentByManager
FNDA:30,getPoolBalance
FNDA:6,claimPaymentByOwner
FNDA:4,addWinnerDependingOnScore
FNDA:1,publishHighScore
FNDA:0,calculatePlayerScore
FNDA:1,getResult
FNDA:74,sendPredictionSet
FNDA:3,getPredictionSet
FNDA:0,getCurrentTimestamp
FNDA:0,hasContestEnded
FNDA:0,isContestActive
DA:104,19
DA:105,17
DA:109,28
DA:110,28
DA:111,24
DA:115,0
DA:116,0
DA:117,0
DA:118,0
DA:119,0
DA:123,8
DA:124,7
DA:128,80
DA:129,80
DA:133,80
DA:134,74
DA:137,82
DA:138,80
DA:142,1
DA:143,1
DA:144,1
DA:148,0
DA:149,0
DA:153,8
DA:154,8
DA:158,7
DA:159,6
DA:176,72
DA:177,72
DA:178,72
DA:179,72
DA:180,72
DA:181,72
DA:182,72
DA:183,72
DA:184,72
DA:190,0
DA:196,0
DA:200,52
DA:204,0
DA:208,30
DA:212,91
DA:213,91
DA:214,91
DA:216,91
DA:217,87
DA:219,91
DA:223,61
DA:227,97
DA:234,52
DA:235,52
DA:236,52
DA:240,30
DA:241,30
DA:242,30
DA:243,30
DA:244,30
DA:248,19
DA:249,19
DA:250,19
DA:251,19
DA:261,19
DA:262,19
DA:263,19
DA:264,19
DA:265,19
DA:274,15
DA:275,15
DA:276,15
DA:277,15
DA:279,15
DA:280,15
DA:281,15
DA:283,15
DA:287,11
DA:288,11
DA:289,11
DA:290,11
DA:294,6
DA:295,5
DA:297,5
DA:298,5
DA:300,5
DA:304,30
DA:308,6
DA:309,6
DA:311,6
DA:312,6
DA:314,6
DA:318,4
DA:319,3
DA:321,1
DA:322,1
DA:325,2
DA:326,2
DA:327,2
DA:328,2
DA:330,3
DA:332,1
DA:342,1
DA:343,0
DA:347,0
DA:349,0
DA:358,0
DA:360,0
DA:364,0
DA:365,0
DA:366,0
DA:367,0
DA:368,0
DA:369,0
DA:372,0
DA:376,1
DA:377,1
DA:381,74
DA:382,74
DA:383,71
DA:384,71
DA:385,71
DA:389,3
DA:393,0
DA:397,0
DA:401,0
LF:123
LH:98
BRDA:104,1,0,17
BRDA:104,1,1,2
BRDA:110,2,0,24
BRDA:110,2,1,4
BRDA:117,3,0,0
BRDA:117,3,1,0
BRDA:118,4,0,0
BRDA:118,4,1,0
BRDA:123,5,0,7
BRDA:123,5,1,1
BRDA:128,6,0,80
BRDA:128,6,1,0
BRDA:133,7,0,74
BRDA:133,7,1,6
BRDA:137,8,0,80
BRDA:137,8,1,2
BRDA:142,9,0,1
BRDA:142,9,1,0
BRDA:143,10,0,1
BRDA:143,10,1,0
BRDA:148,11,0,0
BRDA:148,11,1,0
BRDA:153,12,0,8
BRDA:153,12,1,0
BRDA:158,13,0,6
BRDA:158,13,1,1
BRDA:213,14,0,91
BRDA:213,14,1,0
BRDA:216,15,0,87
BRDA:216,15,1,4
BRDA:261,16,0,19
BRDA:261,16,1,0
BRDA:274,17,0,15
BRDA:274,17,1,0
BRDA:275,18,0,15
BRDA:275,18,1,0
BRDA:277,19,0,15
BRDA:277,19,1,0
BRDA:294,20,0,5
BRDA:294,20,1,1
BRDA:308,21,0,6
BRDA:308,21,1,0
BRDA:318,22,0,3
BRDA:318,22,1,1
BRDA:319,23,0,1
BRDA:319,23,1,2
BRDA:349,24,0,0
BRDA:349,24,1,0
BRDA:364,25,0,0
BRDA:364,25,1,0
BRDA:365,26,0,0
BRDA:365,26,1,0
BRDA:368,27,0,0
BRDA:368,27,1,0
BRDA:381,28,0,74
BRDA:381,28,1,0
BRDA:382,29,0,71
BRDA:382,29,1,3
BRF:58
BRH:33
end_of_record
TN:
SF:/Users/dougmolina/Apps/projects/solidity/bitbrackets_smart_contracts/contracts/ContestPoolFactory.sol
FN:44,isNew
FN:49,exists
FN:57,ContestPoolFactory
FN:62,createContestPoolDefinition
FN:100,createContestPool
FN:125,withdrawFee
FNF:6
FNH:6
FNDA:13,isNew
FNDA:8,exists
FNDA:1,ContestPoolFactory
FNDA:12,createContestPoolDefinition
FNDA:7,createContestPool
FNDA:1,withdrawFee
DA:45,13
DA:46,12
DA:50,8
DA:51,7
DA:59,1
DA:73,12
DA:74,11
DA:75,10
DA:76,10
DA:77,10
DA:78,10
DA:80,10
DA:91,10
DA:97,10
DA:102,7
DA:103,7
DA:104,7
DA:105,5
DA:107,5
DA:108,5
DA:121,5
DA:122,5
DA:126,1
DA:127,1
LF:24
LH:24
BRDA:45,1,0,12
BRDA:45,1,1,1
BRDA:50,2,0,7
BRDA:50,2,1,1
BRDA:73,3,0,11
BRDA:73,3,1,1
BRDA:74,4,0,10
BRDA:74,4,1,1
BRDA:75,5,0,10
BRDA:75,5,1,0
BRDA:76,6,0,10
BRDA:76,6,1,0
BRDA:77,7,0,10
BRDA:77,7,1,0
BRDA:78,8,0,10
BRDA:78,8,1,0
BRDA:102,9,0,7
BRDA:102,9,1,0
BRDA:104,10,0,5
BRDA:104,10,1,2
BRDA:105,11,0,5
BRDA:105,11,1,0
BRDA:126,12,0,1
BRDA:126,12,1,0
BRF:24
BRH:17
end_of_record
TN:
SF:/Users/dougmolina/Apps/projects/solidity/bitbrackets_smart_contracts/contracts/interface/BbStorageInterface.sol
FN:8,onlyLatestBitBracketsContract
FNF:1
FNH:0
FNDA:0,onlyLatestBitBracketsContract
LF:0
LH:0
BRF:0
BRH:0
end_of_record
TN:
SF:/Users/dougmolina/Apps/projects/solidity/bitbrackets_smart_contracts/contracts/interface/ResultsLookupInterface.sol
FN:7,onlySuperUser
FNF:1
FNH:0
FNDA:0,onlySuperUser
LF:0
LH:0
BRF:0
BRH:0
end_of_record
TN:
SF:/Users/dougmolina/Apps/projects/solidity/bitbrackets_smart_contracts/contracts/mocks/AddressArrayClient.sol
FN:15,addItem
FN:19,containsItem
FN:23,clear
FN:27,getItems
FN:31,getCount
FN:35,getLength
FNF:6
FNH:6
FNDA:46,addItem
FNDA:16,containsItem
FNDA:8,clear
FNDA:4,getItems
FNDA:15,getCount
FNDA:15,getLength
DA:16,46
DA:20,16
DA:24,8
DA:28,4
DA:32,15
DA:36,15
LF:6
LH:6
BRF:0
BRH:0
end_of_record
TN:
SF:/Users/dougmolina/Apps/projects/solidity/bitbrackets_smart_contracts/contracts/mocks/CustomContract.sol
FN:8,pay
FN:12,attack
FN:16,getBalance
FNF:3
FNH:2
FNDA:1,pay
FNDA:1,attack
FNDA:0,getBalance
DA:9,1
DA:13,1
DA:17,0
LF:3
LH:2
BRF:0
BRH:0
end_of_record
TN:
SF:/Users/dougmolina/Apps/projects/solidity/bitbrackets_smart_contracts/contracts/ResultsLookup.sol
FN:23,ResultsLookup
FN:29,registerResult
FN:36,getResult
FNF:3
FNH:3
FNDA:1,ResultsLookup
FNDA:4,registerResult
FNDA:2,getResult
DA:24,1
DA:30,4
DA:31,4
DA:33,4
DA:37,2
DA:38,2
DA:40,2
DA:41,2
DA:43,2
LF:9
LH:9
BRDA:40,1,0,2
BRDA:40,1,1,0
BRDA:41,2,0,2
BRDA:41,2,1,0
BRF:4
BRH:2
end_of_record
