TN:
SF:/Users/dougmolina/Apps/projects/solidity/bitbrackets_smart_contracts/contracts/AddressArray.sol
FN:5,remove
FN:15,contains
FNF:2
FNH:1
FNDA:0,remove
FNDA:3,contains
DA:6,0
DA:8,0
DA:9,0
DA:11,0
DA:12,0
DA:17,3
DA:18,3
DA:19,1
DA:22,1
LF:9
LH:4
BRDA:6,1,0,0
BRDA:6,1,1,0
BRDA:18,2,0,1
BRDA:18,2,1,1
BRF:4
BRH:2
end_of_record
TN:
SF:/Users/dougmolina/Apps/projects/solidity/bitbrackets_smart_contracts/contracts/BbBase.sol
FN:28,onlyOwner
FN:36,onlyAdmin
FN:44,onlySuperUser
FN:52,onlyRole
FN:61,BbBase
FN:73,roleHas
FN:80,roleCheck
FNF:7
FNH:5
FNDA:16,onlyOwner
FNDA:0,onlyAdmin
FNDA:4,onlySuperUser
FNDA:0,onlyRole
FNDA:23,BbBase
FNDA:29,roleHas
FNDA:16,roleCheck
DA:29,16
DA:30,14
DA:37,0
DA:38,0
DA:45,4
DA:46,3
DA:53,0
DA:54,0
DA:63,23
DA:74,29
DA:81,16
LF:11
LH:7
BRDA:45,1,0,3
BRDA:45,1,1,1
BRDA:81,2,0,14
BRDA:81,2,1,2
BRF:4
BRH:4
end_of_record
TN:
SF:/Users/dougmolina/Apps/projects/solidity/bitbrackets_smart_contracts/contracts/BbRole.sol
FN:31,onlyLatestBbRole
FN:39,BbRole
FN:48,transferOwnership
FN:66,adminRoleAdd
FN:73,adminRoleRemove
FN:83,roleAdd
FN:97,roleRemove
FNF:7
FNH:0
FNDA:0,onlyLatestBbRole
FNDA:0,BbRole
FNDA:0,transferOwnership
FNDA:0,adminRoleAdd
FNDA:0,adminRoleRemove
FNDA:0,roleAdd
FNDA:0,roleRemove
DA:32,0
DA:33,0
DA:41,0
DA:50,0
DA:52,0
DA:54,0
DA:56,0
DA:67,0
DA:74,0
DA:85,0
DA:87,0
DA:89,0
DA:91,0
DA:99,0
DA:101,0
DA:103,0
LF:16
LH:0
BRDA:32,1,0,0
BRDA:32,1,1,0
BRDA:50,2,0,0
BRDA:50,2,1,0
BRDA:85,3,0,0
BRDA:85,3,1,0
BRDA:87,4,0,0
BRDA:87,4,1,0
BRDA:99,5,0,0
BRDA:99,5,1,0
BRF:10
BRH:0
end_of_record
TN:
SF:/Users/dougmolina/Apps/projects/solidity/bitbrackets_smart_contracts/contracts/BbStorage.sol
FN:23,onlyBitBracketsContract
FN:34,BbStorage
FN:44,getAddress
FN:49,getUint
FN:54,getString
FN:59,getBytes
FN:64,getBool
FN:69,getInt
FN:74,getInt8Array
FN:81,setAddress
FN:86,setUint
FN:91,setString
FN:96,setBytes
FN:101,setBool
FN:106,setInt
FN:111,setInt8Array
FN:118,deleteAddress
FN:123,deleteUint
FN:128,deleteString
FN:133,deleteBytes
FN:138,deleteBool
FN:143,deleteInt
FN:148,deleteInt8Array
FNF:23
FNH:8
FNDA:6,onlyBitBracketsContract
FNDA:1,BbStorage
FNDA:5,getAddress
FNDA:2,getUint
FNDA:0,getString
FNDA:0,getBytes
FNDA:29,getBool
FNDA:0,getInt
FNDA:2,getInt8Array
FNDA:0,setAddress
FNDA:3,setUint
FNDA:0,setString
FNDA:0,setBytes
FNDA:0,setBool
FNDA:0,setInt
FNDA:3,setInt8Array
FNDA:0,deleteAddress
FNDA:0,deleteUint
FNDA:0,deleteString
FNDA:0,deleteBytes
FNDA:0,deleteBool
FNDA:0,deleteInt
FNDA:0,deleteInt8Array
DA:25,6
DA:27,0
DA:29,6
DA:37,1
DA:45,5
DA:50,2
DA:55,0
DA:60,0
DA:65,29
DA:70,0
DA:75,2
DA:82,0
DA:87,3
DA:92,0
DA:97,0
DA:102,0
DA:107,0
DA:112,3
DA:119,0
DA:124,0
DA:129,0
DA:134,0
DA:139,0
DA:144,0
DA:149,0
LF:25
LH:9
BRDA:25,1,0,0
BRDA:25,1,1,6
BRDA:27,2,0,0
BRDA:27,2,1,0
BRF:4
BRH:1
end_of_record
TN:
SF:/Users/dougmolina/Apps/projects/solidity/bitbrackets_smart_contracts/contracts/ContestPool.sol
FN:88,onlyWinner
FN:93,isAfterGraceTime
FN:99,isInGraceTime
FN:107,isAfterStartTime
FN:112,isBeforeStartTime
FN:117,isAmountPerPlayer
FN:121,onlyForPlayers
FN:126,onlyActivePlayers
FN:132,notManager
FN:137,onlyManager
FN:142,ContestPool
FN:169,getWinners
FN:173,getMaxUsersCount
FN:183,getWinnerAmount
FN:221,claimThePrize
FN:232,claimPaymentByManager
FN:241,getFeeFor
FN:249,claimPaymentByOwner
FN:258,publishHighScore
FN:293,calculatePlayerScore
FN:305,getResult
FN:310,sendPredictionSet
FN:317,getPredictionSet
FN:321,getCurrentTimestamp
FN:325,hasContestEnded
FN:329,isContestActive
FNF:26
FNH:8
FNDA:3,onlyWinner
FNDA:5,isAfterGraceTime
FNDA:0,isInGraceTime
FNDA:0,isAfterStartTime
FNDA:8,isBeforeStartTime
FNDA:8,isAmountPerPlayer
FNDA:8,onlyForPlayers
FNDA:0,onlyActivePlayers
FNDA:0,notManager
FNDA:0,onlyManager
FNDA:21,ContestPool
FNDA:0,getWinners
FNDA:0,getMaxUsersCount
FNDA:5,getWinnerAmount
FNDA:0,claimThePrize
FNDA:0,claimPaymentByManager
FNDA:0,getFeeFor
FNDA:0,claimPaymentByOwner
FNDA:0,publishHighScore
FNDA:0,calculatePlayerScore
FNDA:0,getResult
FNDA:8,sendPredictionSet
FNDA:0,getPredictionSet
FNDA:0,getCurrentTimestamp
FNDA:0,hasContestEnded
FNDA:0,isContestActive
DA:89,3
DA:90,1
DA:94,5
DA:95,5
DA:96,2
DA:100,0
DA:101,0
DA:102,0
DA:103,0
DA:104,0
DA:108,0
DA:109,0
DA:113,8
DA:114,8
DA:118,8
DA:119,8
DA:122,8
DA:123,8
DA:127,0
DA:128,0
DA:129,0
DA:133,0
DA:134,0
DA:138,0
DA:139,0
DA:156,21
DA:157,21
DA:158,21
DA:159,21
DA:160,21
DA:161,21
DA:162,21
DA:163,21
DA:164,21
DA:170,0
DA:174,0
DA:184,5
DA:185,5
DA:187,5
DA:189,5
DA:190,5
DA:192,5
DA:193,5
DA:196,5
DA:197,5
DA:199,5
DA:200,5
DA:201,5
DA:202,5
DA:206,5
DA:208,5
DA:210,5
DA:212,5
DA:213,5
DA:222,0
DA:223,0
DA:224,0
DA:226,0
DA:227,0
DA:229,0
DA:233,0
DA:235,0
DA:236,0
DA:238,0
DA:242,0
DA:243,0
DA:244,0
DA:245,0
DA:246,0
DA:250,0
DA:252,0
DA:253,0
DA:255,0
DA:265,0
DA:266,0
DA:270,0
DA:279,0
DA:281,0
DA:282,0
DA:283,0
DA:285,0
DA:286,0
DA:289,0
DA:294,0
DA:295,0
DA:296,0
DA:297,0
DA:298,0
DA:299,0
DA:302,0
DA:306,0
DA:307,0
DA:311,8
DA:312,8
DA:313,8
DA:314,8
DA:318,0
DA:322,0
DA:326,0
DA:330,0
LF:100
LH:42
BRDA:89,1,0,1
BRDA:89,1,1,2
BRDA:95,2,0,2
BRDA:95,2,1,3
BRDA:102,3,0,0
BRDA:102,3,1,0
BRDA:103,4,0,0
BRDA:103,4,1,0
BRDA:108,5,0,0
BRDA:108,5,1,0
BRDA:113,6,0,8
BRDA:113,6,1,0
BRDA:118,7,0,8
BRDA:118,7,1,0
BRDA:122,8,0,8
BRDA:122,8,1,0
BRDA:127,9,0,0
BRDA:127,9,1,0
BRDA:128,10,0,0
BRDA:128,10,1,0
BRDA:133,11,0,0
BRDA:133,11,1,0
BRDA:138,12,0,0
BRDA:138,12,1,0
BRDA:184,13,0,5
BRDA:184,13,1,0
BRDA:189,14,0,5
BRDA:189,14,1,0
BRDA:192,15,0,5
BRDA:192,15,1,0
BRDA:201,16,0,5
BRDA:201,16,1,0
BRDA:222,17,0,0
BRDA:222,17,1,0
BRDA:224,18,0,0
BRDA:224,18,1,0
BRDA:242,19,0,0
BRDA:242,19,1,0
BRDA:243,20,0,0
BRDA:243,20,1,0
BRDA:245,21,0,0
BRDA:245,21,1,0
BRDA:281,22,0,0
BRDA:281,22,1,0
BRDA:282,23,0,0
BRDA:282,23,1,0
BRDA:294,24,0,0
BRDA:294,24,1,0
BRDA:295,25,0,0
BRDA:295,25,1,0
BRDA:298,26,0,0
BRDA:298,26,1,0
BRDA:311,27,0,8
BRDA:311,27,1,0
BRDA:312,28,0,8
BRDA:312,28,1,0
BRF:56
BRH:13
end_of_record
TN:
SF:/Users/dougmolina/Apps/projects/solidity/bitbrackets_smart_contracts/contracts/ContestPoolFactory.sol
FN:45,isNew
FN:50,exists
FN:58,ContestPoolFactory
FN:63,createContestPoolDefinition
FN:101,createContestPool
FN:126,withdrawFee
FNF:6
FNH:6
FNDA:13,isNew
FNDA:8,exists
FNDA:1,ContestPoolFactory
FNDA:12,createContestPoolDefinition
FNDA:7,createContestPool
FNDA:1,withdrawFee
DA:46,13
DA:47,12
DA:51,8
DA:52,7
DA:60,1
DA:74,12
DA:75,11
DA:76,10
DA:77,10
DA:78,10
DA:79,10
DA:81,10
DA:92,10
DA:98,10
DA:103,7
DA:104,7
DA:105,7
DA:106,5
DA:108,5
DA:109,5
DA:122,5
DA:123,5
DA:127,1
DA:128,1
LF:24
LH:24
BRDA:46,1,0,12
BRDA:46,1,1,1
BRDA:51,2,0,7
BRDA:51,2,1,1
BRDA:74,3,0,11
BRDA:74,3,1,1
BRDA:75,4,0,10
BRDA:75,4,1,1
BRDA:76,5,0,10
BRDA:76,5,1,0
BRDA:77,6,0,10
BRDA:77,6,1,0
BRDA:78,7,0,10
BRDA:78,7,1,0
BRDA:79,8,0,10
BRDA:79,8,1,0
BRDA:103,9,0,7
BRDA:103,9,1,0
BRDA:105,10,0,5
BRDA:105,10,1,2
BRDA:106,11,0,5
BRDA:106,11,1,0
BRDA:127,12,0,1
BRDA:127,12,1,0
BRF:24
BRH:17
end_of_record
TN:
SF:/Users/dougmolina/Apps/projects/solidity/bitbrackets_smart_contracts/contracts/interface/BbStorageInterface.sol
FN:8,onlyLatestBitBracketsContract
FNF:1
FNH:0
FNDA:0,onlyLatestBitBracketsContract
LF:0
LH:0
BRF:0
BRH:0
end_of_record
TN:
SF:/Users/dougmolina/Apps/projects/solidity/bitbrackets_smart_contracts/contracts/interface/ResultsLookupInterface.sol
FN:7,onlySuperUser
FNF:1
FNH:0
FNDA:0,onlySuperUser
LF:0
LH:0
BRF:0
BRH:0
end_of_record
TN:
SF:/Users/dougmolina/Apps/projects/solidity/bitbrackets_smart_contracts/contracts/ResultsLookup.sol
FN:23,ResultsLookup
FN:29,registerResult
FN:36,getResult
FNF:3
FNH:3
FNDA:1,ResultsLookup
FNDA:3,registerResult
FNDA:2,getResult
DA:24,1
DA:30,3
DA:31,3
DA:33,3
DA:37,2
DA:38,2
DA:40,2
LF:7
LH:7
BRF:0
BRH:0
end_of_record
